app/build/intermediates/manifest_merge_blame_file/release/processReleaseMainManifest/manifest-merger-blame-release-report.txt
1<?xml version="1.0" encoding="utf-8"?>
2<manifest xmlns:android="http://schemas.android.com/apk/res/android"
3    package="com.dzo.announcerclock"
4    android:versionCode="2"
5    android:versionName="1.1" >
6
7    <uses-sdk
8        android:minSdkVersion="28"
9        android:targetSdkVersion="36" />
10
11    <uses-permission android:name="android.permission.FOREGROUND_SERVICE" />
11-->src\main\AndroidManifest.xml:4:5-76
11-->src\main\AndroidManifest.xml:4:22-74
12    <uses-permission android:name="android.permission.POST_NOTIFICATIONS" />
12-->src\main\AndroidManifest.xml:5:5-76
12-->src\main\AndroidManifest.xml:5:22-74
13    <uses-permission android:name="android.permission.FOREGROUND_SERVICE_DATA_SYNC" />
13-->src\main\AndroidManifest.xml:6:5-86
13-->src\main\AndroidManifest.xml:6:22-84
14    <uses-permission android:name="android.permission.FOREGROUND_SERVICE_MEDIA_PLAYBACK" />
14-->src\main\AndroidManifest.xml:7:5-91
14-->src\main\AndroidManifest.xml:7:22-89
15    <uses-permission android:name="android.permission.READ_PHONE_STATE" />
15-->src\main\AndroidManifest.xml:8:5-75
15-->src\main\AndroidManifest.xml:8:22-72
16
17    <!-- Although the *SdkVersion is captured in gradle build files, this is required for non gradle builds -->
18    <!-- <uses-sdk android:minSdkVersion="21"/> -->
19    <uses-permission android:name="android.permission.ACCESS_NETWORK_STATE" />
19-->[com.google.firebase:firebase-ai:17.4.0] AndroidManifest.xml:22:5-79
19-->[com.google.firebase:firebase-ai:17.4.0] AndroidManifest.xml:22:22-76
20    <uses-permission android:name="android.permission.INTERNET" />
20-->[com.google.firebase:firebase-ai:17.4.0] AndroidManifest.xml:23:5-67
20-->[com.google.firebase:firebase-ai:17.4.0] AndroidManifest.xml:23:22-64
21
22    <permission
22-->[androidx.core:core:1.17.0] AndroidManifest.xml:22:5-24:47
23        android:name="com.dzo.announcerclock.DYNAMIC_RECEIVER_NOT_EXPORTED_PERMISSION"
23-->[androidx.core:core:1.17.0] AndroidManifest.xml:23:9-81
24        android:protectionLevel="signature" />
24-->[androidx.core:core:1.17.0] AndroidManifest.xml:24:9-44
25
26    <uses-permission android:name="com.dzo.announcerclock.DYNAMIC_RECEIVER_NOT_EXPORTED_PERMISSION" />
26-->[androidx.core:core:1.17.0] AndroidManifest.xml:26:5-97
26-->[androidx.core:core:1.17.0] AndroidManifest.xml:26:22-94
27
28    <application
28-->src\main\AndroidManifest.xml:11:5-47:19
29        android:name="com.dzo.announcerclock.App"
29-->src\main\AndroidManifest.xml:12:9-28
30        android:allowBackup="true"
30-->src\main\AndroidManifest.xml:13:9-35
31        android:appComponentFactory="androidx.core.app.CoreComponentFactory"
31-->[androidx.core:core:1.17.0] AndroidManifest.xml:28:18-86
32        android:dataExtractionRules="@xml/data_extraction_rules"
32-->src\main\AndroidManifest.xml:14:9-65
33        android:extractNativeLibs="false"
34        android:fullBackupContent="@xml/backup_rules"
34-->src\main\AndroidManifest.xml:15:9-54
35        android:icon="@drawable/ic_logo"
35-->src\main\AndroidManifest.xml:16:9-41
36        android:label="@string/app_name"
36-->src\main\AndroidManifest.xml:17:9-41
37        android:roundIcon="@drawable/ic_logo"
37-->src\main\AndroidManifest.xml:18:9-46
38        android:supportsRtl="true"
38-->src\main\AndroidManifest.xml:19:9-35
39        android:theme="@style/Theme.AnnouncerClock" >
39-->src\main\AndroidManifest.xml:20:9-52
40        <activity
40-->src\main\AndroidManifest.xml:21:9-23:40
41            android:name="com.dzo.announcerclock.presentation.activity.MainActivity"
41-->src\main\AndroidManifest.xml:22:13-63
42            android:exported="false" />
42-->src\main\AndroidManifest.xml:23:13-37
43        <activity
43-->src\main\AndroidManifest.xml:24:9-32:20
44            android:name="com.dzo.announcerclock.presentation.activity.SplashActivity"
44-->src\main\AndroidManifest.xml:25:13-65
45            android:exported="true" >
45-->src\main\AndroidManifest.xml:26:13-36
46            <intent-filter>
46-->src\main\AndroidManifest.xml:27:13-31:29
47                <action android:name="android.intent.action.MAIN" />
47-->src\main\AndroidManifest.xml:28:17-69
47-->src\main\AndroidManifest.xml:28:25-66
48
49                <category android:name="android.intent.category.LAUNCHER" />
49-->src\main\AndroidManifest.xml:30:17-77
49-->src\main\AndroidManifest.xml:30:27-74
50            </intent-filter>
51        </activity>
52
53        <service
53-->src\main\AndroidManifest.xml:34:9-37:70
54            android:name="com.dzo.announcerclock.data.service.TimerService"
54-->src\main\AndroidManifest.xml:35:13-54
55            android:exported="false"
55-->src\main\AndroidManifest.xml:36:13-37
56            android:foregroundServiceType="mediaPlayback|dataSync" />
56-->src\main\AndroidManifest.xml:37:13-67
57        <service
57-->src\main\AndroidManifest.xml:38:9-41:70
58            android:name="com.dzo.announcerclock.data.service.ScheduleTimerService"
58-->src\main\AndroidManifest.xml:39:13-62
59            android:exported="false"
59-->src\main\AndroidManifest.xml:40:13-37
60            android:foregroundServiceType="mediaPlayback|dataSync" />
60-->src\main\AndroidManifest.xml:41:13-67
61
62        <receiver
62-->src\main\AndroidManifest.xml:43:9-45:38
63            android:name="com.dzo.announcerclock.data.service.receiver.TimerActionReceiver"
63-->src\main\AndroidManifest.xml:44:13-70
64            android:exported="true" />
64-->src\main\AndroidManifest.xml:45:13-36
65
66        <service
66-->[com.google.firebase:firebase-ai:17.4.0] AndroidManifest.xml:28:9-34:19
67            android:name="com.google.firebase.components.ComponentDiscoveryService"
67-->[com.google.firebase:firebase-ai:17.4.0] AndroidManifest.xml:29:13-84
68            android:directBootAware="true"
68-->[com.google.firebase:firebase-common:22.0.1] AndroidManifest.xml:32:13-43
69            android:exported="false" >
69-->[com.google.firebase:firebase-ai:17.4.0] AndroidManifest.xml:30:13-37
70            <meta-data
70-->[com.google.firebase:firebase-ai:17.4.0] AndroidManifest.xml:31:13-33:85
71                android:name="com.google.firebase.components:com.google.firebase.ai.FirebaseAIRegistrar"
71-->[com.google.firebase:firebase-ai:17.4.0] AndroidManifest.xml:32:17-105
72                android:value="com.google.firebase.components.ComponentRegistrar" />
72-->[com.google.firebase:firebase-ai:17.4.0] AndroidManifest.xml:33:17-82
73            <meta-data
73-->[com.google.firebase:firebase-common:22.0.1] AndroidManifest.xml:35:13-37:85
74                android:name="com.google.firebase.components:com.google.firebase.FirebaseCommonKtxRegistrar"
74-->[com.google.firebase:firebase-common:22.0.1] AndroidManifest.xml:36:17-109
75                android:value="com.google.firebase.components.ComponentRegistrar" />
75-->[com.google.firebase:firebase-common:22.0.1] AndroidManifest.xml:37:17-82
76        </service>
77
78        <provider
78-->[com.google.firebase:firebase-common:22.0.1] AndroidManifest.xml:23:9-28:39
79            android:name="com.google.firebase.provider.FirebaseInitProvider"
79-->[com.google.firebase:firebase-common:22.0.1] AndroidManifest.xml:24:13-77
80            android:authorities="com.dzo.announcerclock.firebaseinitprovider"
80-->[com.google.firebase:firebase-common:22.0.1] AndroidManifest.xml:25:13-72
81            android:directBootAware="true"
81-->[com.google.firebase:firebase-common:22.0.1] AndroidManifest.xml:26:13-43
82            android:exported="false"
82-->[com.google.firebase:firebase-common:22.0.1] AndroidManifest.xml:27:13-37
83            android:initOrder="100" />
83-->[com.google.firebase:firebase-common:22.0.1] AndroidManifest.xml:28:13-36
84
85        <service
85-->[androidx.room:room-runtime:2.6.1] AndroidManifest.xml:24:9-28:63
86            android:name="androidx.room.MultiInstanceInvalidationService"
86-->[androidx.room:room-runtime:2.6.1] AndroidManifest.xml:25:13-74
87            android:directBootAware="true"
87-->[androidx.room:room-runtime:2.6.1] AndroidManifest.xml:26:13-43
88            android:exported="false" />
88-->[androidx.room:room-runtime:2.6.1] AndroidManifest.xml:27:13-37
89
90        <activity
90-->[com.google.android.gms:play-services-base:18.0.1] AndroidManifest.xml:20:9-22:45
91            android:name="com.google.android.gms.common.api.GoogleApiActivity"
91-->[com.google.android.gms:play-services-base:18.0.1] AndroidManifest.xml:20:19-85
92            android:exported="false"
92-->[com.google.android.gms:play-services-base:18.0.1] AndroidManifest.xml:22:19-43
93            android:theme="@android:style/Theme.Translucent.NoTitleBar" />
93-->[com.google.android.gms:play-services-base:18.0.1] AndroidManifest.xml:21:19-78
94
95        <uses-library
95-->[androidx.window:window:1.0.0] AndroidManifest.xml:25:9-27:40
96            android:name="androidx.window.extensions"
96-->[androidx.window:window:1.0.0] AndroidManifest.xml:26:13-54
97            android:required="false" />
97-->[androidx.window:window:1.0.0] AndroidManifest.xml:27:13-37
98        <uses-library
98-->[androidx.window:window:1.0.0] AndroidManifest.xml:28:9-30:40
99            android:name="androidx.window.sidecar"
99-->[androidx.window:window:1.0.0] AndroidManifest.xml:29:13-51
100            android:required="false" />
100-->[androidx.window:window:1.0.0] AndroidManifest.xml:30:13-37
101
102        <provider
102-->[androidx.emoji2:emoji2:1.4.0] AndroidManifest.xml:24:9-32:20
103            android:name="androidx.startup.InitializationProvider"
103-->[androidx.emoji2:emoji2:1.4.0] AndroidManifest.xml:25:13-67
104            android:authorities="com.dzo.announcerclock.androidx-startup"
104-->[androidx.emoji2:emoji2:1.4.0] AndroidManifest.xml:26:13-68
105            android:exported="false" >
105-->[androidx.emoji2:emoji2:1.4.0] AndroidManifest.xml:27:13-37
106            <meta-data
106-->[androidx.emoji2:emoji2:1.4.0] AndroidManifest.xml:29:13-31:52
107                android:name="androidx.emoji2.text.EmojiCompatInitializer"
107-->[androidx.emoji2:emoji2:1.4.0] AndroidManifest.xml:30:17-75
108                android:value="androidx.startup" />
108-->[androidx.emoji2:emoji2:1.4.0] AndroidManifest.xml:31:17-49
109            <meta-data
109-->[androidx.lifecycle:lifecycle-process:2.9.4] AndroidManifest.xml:29:13-31:52
110                android:name="androidx.lifecycle.ProcessLifecycleInitializer"
110-->[androidx.lifecycle:lifecycle-process:2.9.4] AndroidManifest.xml:30:17-78
111                android:value="androidx.startup" />
111-->[androidx.lifecycle:lifecycle-process:2.9.4] AndroidManifest.xml:31:17-49
112            <meta-data
112-->[androidx.profileinstaller:profileinstaller:1.4.0] AndroidManifest.xml:29:13-31:52
113                android:name="androidx.profileinstaller.ProfileInstallerInitializer"
113-->[androidx.profileinstaller:profileinstaller:1.4.0] AndroidManifest.xml:30:17-85
114                android:value="androidx.startup" />
114-->[androidx.profileinstaller:profileinstaller:1.4.0] AndroidManifest.xml:31:17-49
115        </provider>
116
117        <receiver
117-->[androidx.profileinstaller:profileinstaller:1.4.0] AndroidManifest.xml:34:9-52:20
118            android:name="androidx.profileinstaller.ProfileInstallReceiver"
118-->[androidx.profileinstaller:profileinstaller:1.4.0] AndroidManifest.xml:35:13-76
119            android:directBootAware="false"
119-->[androidx.profileinstaller:profileinstaller:1.4.0] AndroidManifest.xml:36:13-44
120            android:enabled="true"
120-->[androidx.profileinstaller:profileinstaller:1.4.0] AndroidManifest.xml:37:13-35
121            android:exported="true"
121-->[androidx.profileinstaller:profileinstaller:1.4.0] AndroidManifest.xml:38:13-36
122            android:permission="android.permission.DUMP" >
122-->[androidx.profileinstaller:profileinstaller:1.4.0] AndroidManifest.xml:39:13-57
123            <intent-filter>
123-->[androidx.profileinstaller:profileinstaller:1.4.0] AndroidManifest.xml:40:13-42:29
124                <action android:name="androidx.profileinstaller.action.INSTALL_PROFILE" />
124-->[androidx.profileinstaller:profileinstaller:1.4.0] AndroidManifest.xml:41:17-91
124-->[androidx.profileinstaller:profileinstaller:1.4.0] AndroidManifest.xml:41:25-88
125            </intent-filter>
126            <intent-filter>
126-->[androidx.profileinstaller:profileinstaller:1.4.0] AndroidManifest.xml:43:13-45:29
127                <action android:name="androidx.profileinstaller.action.SKIP_FILE" />
127-->[androidx.profileinstaller:profileinstaller:1.4.0] AndroidManifest.xml:44:17-85
127-->[androidx.profileinstaller:profileinstaller:1.4.0] AndroidManifest.xml:44:25-82
128            </intent-filter>
129            <intent-filter>
129-->[androidx.profileinstaller:profileinstaller:1.4.0] AndroidManifest.xml:46:13-48:29
130                <action android:name="androidx.profileinstaller.action.SAVE_PROFILE" />
130-->[androidx.profileinstaller:profileinstaller:1.4.0] AndroidManifest.xml:47:17-88
130-->[androidx.profileinstaller:profileinstaller:1.4.0] AndroidManifest.xml:47:25-85
131            </intent-filter>
132            <intent-filter>
132-->[androidx.profileinstaller:profileinstaller:1.4.0] AndroidManifest.xml:49:13-51:29
133                <action android:name="androidx.profileinstaller.action.BENCHMARK_OPERATION" />
133-->[androidx.profileinstaller:profileinstaller:1.4.0] AndroidManifest.xml:50:17-95
133-->[androidx.profileinstaller:profileinstaller:1.4.0] AndroidManifest.xml:50:25-92
134            </intent-filter>
135        </receiver>
136
137        <meta-data
137-->[com.google.android.gms:play-services-basement:18.3.0] AndroidManifest.xml:21:9-23:69
138            android:name="com.google.android.gms.version"
138-->[com.google.android.gms:play-services-basement:18.3.0] AndroidManifest.xml:22:13-58
139            android:value="@integer/google_play_services_version" /> <!-- The activities will be merged into the manifest of the hosting app. -->
139-->[com.google.android.gms:play-services-basement:18.3.0] AndroidManifest.xml:23:13-66
140        <activity
140-->[com.google.android.play:core-common:2.0.3] AndroidManifest.xml:14:9-18:65
141            android:name="com.google.android.play.core.common.PlayCoreDialogWrapperActivity"
141-->[com.google.android.play:core-common:2.0.3] AndroidManifest.xml:15:13-93
142            android:exported="false"
142-->[com.google.android.play:core-common:2.0.3] AndroidManifest.xml:16:13-37
143            android:stateNotNeeded="true"
143-->[com.google.android.play:core-common:2.0.3] AndroidManifest.xml:17:13-42
144            android:theme="@style/Theme.PlayCore.Transparent" />
144-->[com.google.android.play:core-common:2.0.3] AndroidManifest.xml:18:13-62
145    </application>
146
147</manifest>